{"clientUrl":"http://localhost:5173","environment":"production","level":"info","message":"Server starting up","port":"5000","service":"obidient-api","timestamp":"2025-07-23T12:24:19.308Z"}
{"level":"info","message":"Server successfully started on port 5000","service":"obidient-api","timestamp":"2025-07-23T12:24:19.319Z"}
{"clientUrl":"http://localhost:5173","environment":"production","level":"info","message":"Server starting up","port":"5000","service":"obidient-api","timestamp":"2025-07-23T12:26:39.775Z"}
{"level":"info","message":"Server successfully started on port 5000","service":"obidient-api","timestamp":"2025-07-23T12:26:39.783Z"}
{"duration":"11ms","ip":"::1","level":"error","message":"HTTP Error","method":"GET","service":"obidient-api","status":500,"timestamp":"2025-07-23T13:08:00.950Z","url":"/","userAgent":"node-fetch"}
{"clientUrl":"http://localhost:5173","environment":"production","level":"info","message":"Server starting up","port":"5000","service":"obidient-api","timestamp":"2025-07-23T13:11:42.006Z"}
{"level":"info","message":"Server successfully started on port 5000","service":"obidient-api","timestamp":"2025-07-23T13:11:42.014Z"}
{"clientUrl":"http://localhost:5173","environment":"production","level":"info","message":"Server starting up","port":"5000","service":"obidient-api","timestamp":"2025-07-23T13:18:34.481Z"}
{"level":"info","message":"Server successfully started on port 5000","service":"obidient-api","timestamp":"2025-07-23T13:18:34.487Z"}
{"clientUrl":"http://localhost:5173","environment":"production","level":"info","message":"Server starting up","port":"5000","service":"obidient-api","timestamp":"2025-07-23T13:21:23.344Z"}
{"level":"info","message":"Server successfully started on port 5000","service":"obidient-api","timestamp":"2025-07-23T13:21:23.350Z"}
{"clientUrl":"http://localhost:5173","environment":"production","level":"info","message":"Server starting up","port":"5000","service":"obidient-api","timestamp":"2025-07-23T13:22:07.249Z"}
{"level":"info","message":"Server successfully started on port 5000","service":"obidient-api","timestamp":"2025-07-23T13:22:07.263Z"}
{"duration":"10ms","ip":"::1","level":"error","message":"HTTP Error","method":"GET","service":"obidient-api","status":500,"timestamp":"2025-07-23T13:23:01.988Z","url":"/","userAgent":"node-fetch"}
{"clientUrl":"http://localhost:5173","environment":"production","level":"info","message":"Server starting up","port":"5000","service":"obidient-api","timestamp":"2025-07-23T13:27:40.242Z"}
{"level":"info","message":"Server successfully started on port 5000","service":"obidient-api","timestamp":"2025-07-23T13:27:40.278Z"}
{"duration":"16ms","ip":"::1","level":"info","message":"HTTP Request","method":"GET","service":"obidient-api","status":200,"timestamp":"2025-07-23T13:27:59.066Z","url":"/","userAgent":"node-fetch"}
{"errors":[{"field":"phone","message":"Please provide a valid phone number","value":"+1234567890"}],"ip":"::1","level":"warn","message":"Validation errors","service":"obidient-api","timestamp":"2025-07-23T13:27:59.181Z"}
{"duration":"79ms","ip":"::1","level":"error","message":"HTTP Error","method":"POST","service":"obidient-api","status":400,"timestamp":"2025-07-23T13:27:59.183Z","url":"/auth/register","userAgent":"node-fetch"}
{"errors":[{"field":"phone","message":"Please provide a valid phone number","value":"+1234567890"}],"ip":"::1","level":"warn","message":"Validation errors","service":"obidient-api","timestamp":"2025-07-23T13:27:59.204Z"}
{"duration":"41ms","ip":"::1","level":"error","message":"HTTP Error","method":"POST","service":"obidient-api","status":400,"timestamp":"2025-07-23T13:27:59.234Z","url":"/auth/register","userAgent":"node-fetch"}
{"errors":[{"field":"phone","message":"Please provide a valid phone number","value":"+1234567890"}],"ip":"::1","level":"warn","message":"Validation errors","service":"obidient-api","timestamp":"2025-07-23T13:27:59.243Z"}
{"duration":"33ms","ip":"::1","level":"error","message":"HTTP Error","method":"POST","service":"obidient-api","status":400,"timestamp":"2025-07-23T13:27:59.270Z","url":"/auth/register","userAgent":"node-fetch"}
{"ip":"::1","level":"warn","message":"Registration rate limit exceeded for IP: ::1","service":"obidient-api","timestamp":"2025-07-23T13:27:59.312Z","userAgent":"node-fetch"}
{"duration":"10ms","ip":"::1","level":"error","message":"HTTP Error","method":"POST","service":"obidient-api","status":429,"timestamp":"2025-07-23T13:27:59.316Z","url":"/auth/register","userAgent":"node-fetch"}
{"ip":"::1","level":"warn","message":"Registration rate limit exceeded for IP: ::1","service":"obidient-api","timestamp":"2025-07-23T13:28:00.324Z","userAgent":"node-fetch"}
{"duration":"27ms","ip":"::1","level":"error","message":"HTTP Error","method":"POST","service":"obidient-api","status":429,"timestamp":"2025-07-23T13:28:00.348Z","url":"/auth/register","userAgent":"node-fetch"}
{"email":"nonexistent@example.com","ip":"::1","level":"warn","message":"Login attempt with non-existent email","service":"obidient-api","timestamp":"2025-07-23T13:28:07.508Z","userAgent":"node-fetch"}
{"duration":"6155ms","ip":"::1","level":"error","message":"HTTP Error","method":"POST","service":"obidient-api","status":401,"timestamp":"2025-07-23T13:28:07.509Z","url":"/auth/login","userAgent":"node-fetch"}
{"email":"nonexistent@example.com","ip":"::1","level":"warn","message":"Login attempt with non-existent email","service":"obidient-api","timestamp":"2025-07-23T13:28:07.904Z","userAgent":"node-fetch"}
{"duration":"389ms","ip":"::1","level":"error","message":"HTTP Error","method":"POST","service":"obidient-api","status":401,"timestamp":"2025-07-23T13:28:07.905Z","url":"/auth/login","userAgent":"node-fetch"}
{"email":"nonexistent@example.com","ip":"::1","level":"warn","message":"Login attempt with non-existent email","service":"obidient-api","timestamp":"2025-07-23T13:28:08.334Z","userAgent":"node-fetch"}
{"duration":"414ms","ip":"::1","level":"error","message":"HTTP Error","method":"POST","service":"obidient-api","status":401,"timestamp":"2025-07-23T13:28:08.335Z","url":"/auth/login","userAgent":"node-fetch"}
{"email":"nonexistent@example.com","ip":"::1","level":"warn","message":"Login attempt with non-existent email","service":"obidient-api","timestamp":"2025-07-23T13:28:08.957Z","userAgent":"node-fetch"}
{"duration":"617ms","ip":"::1","level":"error","message":"HTTP Error","method":"POST","service":"obidient-api","status":401,"timestamp":"2025-07-23T13:28:08.957Z","url":"/auth/login","userAgent":"node-fetch"}
{"email":"nonexistent@example.com","ip":"::1","level":"warn","message":"Login attempt with non-existent email","service":"obidient-api","timestamp":"2025-07-23T13:28:09.315Z","userAgent":"node-fetch"}
{"duration":"352ms","ip":"::1","level":"error","message":"HTTP Error","method":"POST","service":"obidient-api","status":401,"timestamp":"2025-07-23T13:28:09.316Z","url":"/auth/login","userAgent":"node-fetch"}
{"email":"nonexistent@example.com","ip":"::1","level":"warn","message":"Login rate limit exceeded for IP: ::1","service":"obidient-api","timestamp":"2025-07-23T13:28:09.321Z","userAgent":"node-fetch"}
{"duration":"3ms","ip":"::1","level":"error","message":"HTTP Error","method":"POST","service":"obidient-api","status":429,"timestamp":"2025-07-23T13:28:09.322Z","url":"/auth/login","userAgent":"node-fetch"}
{"duration":"2ms","ip":"::1","level":"info","message":"HTTP Request","method":"GET","service":"obidient-api","status":200,"timestamp":"2025-07-23T13:28:10.336Z","url":"/","userAgent":"node-fetch"}
{"clientUrl":"http://localhost:5173","environment":"production","level":"info","message":"Server starting up","port":"5000","service":"obidient-api","timestamp":"2025-07-23T13:30:46.634Z"}
{"level":"info","message":"Server successfully started on port 5000","service":"obidient-api","timestamp":"2025-07-23T13:30:46.666Z"}
{"duration":"12ms","ip":"::1","level":"info","message":"HTTP Request","method":"GET","service":"obidient-api","status":200,"timestamp":"2025-07-23T13:31:54.339Z","url":"/","userAgent":"node-fetch"}
{"errors":[{"field":"phone","message":"Please provide a valid phone number","value":"+1234567890"}],"ip":"::1","level":"warn","message":"Validation errors","service":"obidient-api","timestamp":"2025-07-23T13:31:54.416Z"}
{"duration":"58ms","ip":"::1","level":"error","message":"HTTP Error","method":"POST","service":"obidient-api","status":400,"timestamp":"2025-07-23T13:31:54.417Z","url":"/auth/register","userAgent":"node-fetch"}
{"errors":[{"field":"phone","message":"Please provide a valid phone number","value":"+1234567890"}],"ip":"::1","level":"warn","message":"Validation errors","service":"obidient-api","timestamp":"2025-07-23T13:31:54.439Z"}
{"duration":"14ms","ip":"::1","level":"error","message":"HTTP Error","method":"POST","service":"obidient-api","status":400,"timestamp":"2025-07-23T13:31:54.441Z","url":"/auth/register","userAgent":"node-fetch"}
{"errors":[{"field":"phone","message":"Please provide a valid phone number","value":"+1234567890"}],"ip":"::1","level":"warn","message":"Validation errors","service":"obidient-api","timestamp":"2025-07-23T13:31:54.458Z"}
{"duration":"8ms","ip":"::1","level":"error","message":"HTTP Error","method":"POST","service":"obidient-api","status":400,"timestamp":"2025-07-23T13:31:54.459Z","url":"/auth/register","userAgent":"node-fetch"}
{"ip":"::1","level":"warn","message":"Registration rate limit exceeded for IP: ::1","service":"obidient-api","timestamp":"2025-07-23T13:31:54.467Z","userAgent":"node-fetch"}
{"duration":"3ms","ip":"::1","level":"error","message":"HTTP Error","method":"POST","service":"obidient-api","status":429,"timestamp":"2025-07-23T13:31:54.468Z","url":"/auth/register","userAgent":"node-fetch"}
{"ip":"::1","level":"warn","message":"Registration rate limit exceeded for IP: ::1","service":"obidient-api","timestamp":"2025-07-23T13:31:57.482Z","userAgent":"node-fetch"}
{"duration":"2ms","ip":"::1","level":"error","message":"HTTP Error","method":"POST","service":"obidient-api","status":429,"timestamp":"2025-07-23T13:31:57.483Z","url":"/auth/register","userAgent":"node-fetch"}
{"errors":[{"field":"email","message":"Please provide a valid email address","value":"not-an-email"}],"ip":"::1","level":"warn","message":"Validation errors","service":"obidient-api","timestamp":"2025-07-23T13:31:57.542Z"}
{"duration":"21ms","ip":"::1","level":"error","message":"HTTP Error","method":"POST","service":"obidient-api","status":400,"timestamp":"2025-07-23T13:31:57.544Z","url":"/auth/login","userAgent":"node-fetch"}
{"email":"nonexistent@example.com","ip":"::1","level":"warn","message":"Login attempt with non-existent email","service":"obidient-api","timestamp":"2025-07-23T13:32:03.621Z","userAgent":"node-fetch"}
{"duration":"3043ms","ip":"::1","level":"error","message":"HTTP Error","method":"POST","service":"obidient-api","status":401,"timestamp":"2025-07-23T13:32:03.622Z","url":"/auth/login","userAgent":"node-fetch"}
{"email":"nonexistent@example.com","ip":"::1","level":"warn","message":"Login attempt with non-existent email","service":"obidient-api","timestamp":"2025-07-23T13:32:04.027Z","userAgent":"node-fetch"}
{"duration":"398ms","ip":"::1","level":"error","message":"HTTP Error","method":"POST","service":"obidient-api","status":401,"timestamp":"2025-07-23T13:32:04.028Z","url":"/auth/login","userAgent":"node-fetch"}
{"email":"nonexistent@example.com","ip":"::1","level":"warn","message":"Login attempt with non-existent email","service":"obidient-api","timestamp":"2025-07-23T13:32:04.551Z","userAgent":"node-fetch"}
{"duration":"521ms","ip":"::1","level":"error","message":"HTTP Error","method":"POST","service":"obidient-api","status":401,"timestamp":"2025-07-23T13:32:04.552Z","url":"/auth/login","userAgent":"node-fetch"}
{"email":"nonexistent@example.com","ip":"::1","level":"warn","message":"Login attempt with non-existent email","service":"obidient-api","timestamp":"2025-07-23T13:32:05.081Z","userAgent":"node-fetch"}
{"duration":"527ms","ip":"::1","level":"error","message":"HTTP Error","method":"POST","service":"obidient-api","status":401,"timestamp":"2025-07-23T13:32:05.082Z","url":"/auth/login","userAgent":"node-fetch"}
{"email":"nonexistent@example.com","ip":"::1","level":"warn","message":"Login rate limit exceeded for IP: ::1","service":"obidient-api","timestamp":"2025-07-23T13:32:05.088Z","userAgent":"node-fetch"}
{"duration":"3ms","ip":"::1","level":"error","message":"HTTP Error","method":"POST","service":"obidient-api","status":429,"timestamp":"2025-07-23T13:32:05.089Z","url":"/auth/login","userAgent":"node-fetch"}
{"duration":"2ms","ip":"::1","level":"info","message":"HTTP Request","method":"GET","service":"obidient-api","status":200,"timestamp":"2025-07-23T13:32:08.098Z","url":"/","userAgent":"node-fetch"}
{"clientUrl":"http://localhost:5173","environment":"production","level":"info","message":"Server starting up","port":"5000","service":"obidient-api","timestamp":"2025-07-23T13:33:40.111Z"}
{"level":"info","message":"Server successfully started on port 5000","service":"obidient-api","timestamp":"2025-07-23T13:33:40.164Z"}
{"duration":"38ms","ip":"::1","level":"info","message":"HTTP Request","method":"OPTIONS","service":"obidient-api","status":204,"timestamp":"2025-07-23T13:33:51.453Z","url":"/auth/login","userAgent":"Mozilla/5.0 (iPhone; CPU iPhone OS 16_6 like Mac OS X) AppleWebKit/605.1.15 (KHTML, like Gecko) Version/16.6 Mobile/15E148 Safari/604.1"}
{"email":"favemeka146@gmail.com","ip":"::1","level":"info","message":"User logged in successfully","name":"Ben Favour Elochukwu","service":"obidient-api","timestamp":"2025-07-23T13:33:57.267Z","userAgent":"Mozilla/5.0 (iPhone; CPU iPhone OS 16_6 like Mac OS X) AppleWebKit/605.1.15 (KHTML, like Gecko) Version/16.6 Mobile/15E148 Safari/604.1","userId":"bd81b2fa-712a-482e-ad92-297096835762"}
{"duration":"5833ms","ip":"::1","level":"info","message":"HTTP Request","method":"POST","service":"obidient-api","status":200,"timestamp":"2025-07-23T13:33:57.290Z","url":"/auth/login","userAgent":"Mozilla/5.0 (iPhone; CPU iPhone OS 16_6 like Mac OS X) AppleWebKit/605.1.15 (KHTML, like Gecko) Version/16.6 Mobile/15E148 Safari/604.1"}
{"duration":"3862ms","ip":"::1","level":"info","message":"HTTP Request","method":"GET","service":"obidient-api","status":304,"timestamp":"2025-07-23T13:34:01.181Z","url":"/auth/me","userAgent":"Mozilla/5.0 (iPhone; CPU iPhone OS 16_6 like Mac OS X) AppleWebKit/605.1.15 (KHTML, like Gecko) Version/16.6 Mobile/15E148 Safari/604.1"}
{"duration":"1421ms","ip":"::1","level":"info","message":"HTTP Request","method":"GET","service":"obidient-api","status":304,"timestamp":"2025-07-23T13:34:02.716Z","url":"/voting-blocs/owned","userAgent":"Mozilla/5.0 (iPhone; CPU iPhone OS 16_6 like Mac OS X) AppleWebKit/605.1.15 (KHTML, like Gecko) Version/16.6 Mobile/15E148 Safari/604.1"}
{"duration":"676ms","ip":"::1","level":"info","message":"HTTP Request","method":"GET","service":"obidient-api","status":304,"timestamp":"2025-07-23T13:34:03.399Z","url":"/voting-blocs/owned","userAgent":"Mozilla/5.0 (iPhone; CPU iPhone OS 16_6 like Mac OS X) AppleWebKit/605.1.15 (KHTML, like Gecko) Version/16.6 Mobile/15E148 Safari/604.1"}
{"duration":"694ms","ip":"::1","level":"info","message":"HTTP Request","method":"GET","service":"obidient-api","status":304,"timestamp":"2025-07-23T13:34:04.093Z","url":"/voting-blocs/owned","userAgent":"Mozilla/5.0 (iPhone; CPU iPhone OS 16_6 like Mac OS X) AppleWebKit/605.1.15 (KHTML, like Gecko) Version/16.6 Mobile/15E148 Safari/604.1"}
{"duration":"666ms","ip":"::1","level":"info","message":"HTTP Request","method":"GET","service":"obidient-api","status":304,"timestamp":"2025-07-23T13:34:04.767Z","url":"/voting-blocs/owned","userAgent":"Mozilla/5.0 (iPhone; CPU iPhone OS 16_6 like Mac OS X) AppleWebKit/605.1.15 (KHTML, like Gecko) Version/16.6 Mobile/15E148 Safari/604.1"}
{"duration":"3834ms","ip":"::1","level":"info","message":"HTTP Request","method":"GET","service":"obidient-api","status":304,"timestamp":"2025-07-23T13:34:05.234Z","url":"/voting-blocs/joined","userAgent":"Mozilla/5.0 (iPhone; CPU iPhone OS 16_6 like Mac OS X) AppleWebKit/605.1.15 (KHTML, like Gecko) Version/16.6 Mobile/15E148 Safari/604.1"}
{"duration":"314ms","ip":"::1","level":"info","message":"HTTP Request","method":"GET","service":"obidient-api","status":304,"timestamp":"2025-07-23T13:34:05.555Z","url":"/voting-blocs/joined","userAgent":"Mozilla/5.0 (iPhone; CPU iPhone OS 16_6 like Mac OS X) AppleWebKit/605.1.15 (KHTML, like Gecko) Version/16.6 Mobile/15E148 Safari/604.1"}
{"duration":"5763ms","ip":"::1","level":"info","message":"HTTP Request","method":"GET","service":"obidient-api","status":304,"timestamp":"2025-07-23T13:34:07.173Z","url":"/notifications","userAgent":"Mozilla/5.0 (iPhone; CPU iPhone OS 16_6 like Mac OS X) AppleWebKit/605.1.15 (KHTML, like Gecko) Version/16.6 Mobile/15E148 Safari/604.1"}
{"duration":"806ms","ip":"::1","level":"info","message":"HTTP Request","method":"GET","service":"obidient-api","status":304,"timestamp":"2025-07-23T13:34:07.991Z","url":"/notifications","userAgent":"Mozilla/5.0 (iPhone; CPU iPhone OS 16_6 like Mac OS X) AppleWebKit/605.1.15 (KHTML, like Gecko) Version/16.6 Mobile/15E148 Safari/604.1"}
{"clientUrl":"http://localhost:5173","environment":"production","level":"info","message":"Server starting up","port":"5000","service":"obidient-api","timestamp":"2025-07-23T13:36:09.377Z"}
{"level":"info","message":"Server successfully started on port 5000","service":"obidient-api","timestamp":"2025-07-23T13:36:09.384Z"}
